
========================================
  RV32IM SoC — Self-Check Results
========================================

[PASS] ADDI x1, x0, 5 : x1 = 0x00000005
[PASS] ADDI x2, x0, 10 : x2 = 0x0000000a
[PASS] ADD  x3, x1, x2 : x3 = 0x0000000f
[PASS] SUB  x4, x1, x2 : x4 = 0xfffffffb
[PASS] AND  x5, x1, x2 : x5 = 0x00000000
[PASS] OR   x6, x1, x2 : x6 = 0x0000000f
[PASS] XOR  x7, x1, x2 : x7 = 0x0000000f
[PASS] SLT  x8, x1, x2 : x8 = 0x00000001
[PASS] SLTU x9, x1, x2 : x9 = 0x00000001
[PASS] SLLI x10, x1, 3 : x10 = 0x00000028
[PASS] SRLI x11, x2, 1 : x11 = 0x00000005
[PASS] LUI  x12, 0x12345 : x12 = 0x12345000
[PASS] LW   x13, 0x400(x0) : x13 = 0x0000000f
[PASS] BEQ  skip: x14 unwritten : x14 = 0x00000000
[PASS] ADDI x15, x0, 0x42 : x15 = 0x00000042
[PASS] JAL  x16, +8 (link) : x16 = 0x00000048
[PASS] JAL  skip: x17 unwritten : x17 = 0x00000000
[PASS] ADDI x18, x0, 0x55 : x18 = 0x00000055
[PASS] MUL  x19, x1, x2  (5*10=50) : x19 = 0x00000032
[PASS] ADDI x20, x0, -1 : x20 = 0xffffffff
[PASS] DIV  x21, x2, x1  (10/5=2) : x21 = 0x00000002
[PASS] REM  x22, x2, x1  (10%5=0) : x22 = 0x00000000
[PASS] MEM[0x400] = 0x0000000f

========================================
  *** ALL 23 TESTS PASSED ***
========================================

tb/rv32_tb.sv:276: $finish called at 415000 (1ps)
